2016-01-25T19:15:36.473Z - [32minfo[39m: Starting codeJam API...
2016-01-25T19:15:36.474Z - [34mdebug[39m: Loading packages...
2016-01-25T19:15:36.648Z - [34mdebug[39m: Loading Libs
2016-01-25T19:15:36.661Z - [34mdebug[39m: Mapping REST APIs
2016-01-25T19:15:36.667Z - [32minfo[39m: server listening on http://0.0.0.0:3000
2016-01-25T19:15:36.668Z - [32minfo[39m: press CTRL+C to exit
2016-01-25T22:34:43.795Z - [32minfo[39m: Starting codeJam API...
2016-01-25T22:34:43.796Z - [34mdebug[39m: Loading packages...
2016-01-25T22:34:43.958Z - [34mdebug[39m: Loading Libs
2016-01-25T22:34:43.983Z - [34mdebug[39m: Mapping REST APIs
2016-01-25T22:34:43.990Z - [32minfo[39m: server listening on http://0.0.0.0:3000
2016-01-25T22:34:43.990Z - [32minfo[39m: press CTRL+C to exit
2016-01-25T22:35:52.250Z - [32minfo[39m: Starting codeJam API...
2016-01-25T22:35:52.252Z - [34mdebug[39m: Loading packages...
2016-01-25T22:35:52.414Z - [34mdebug[39m: Loading Libs
2016-01-25T22:35:52.430Z - [34mdebug[39m: Mapping REST APIs
2016-01-25T22:35:52.438Z - [32minfo[39m: server listening on http://0.0.0.0:3000
2016-01-25T22:35:52.438Z - [32minfo[39m: press CTRL+C to exit
2016-01-25T22:39:55.418Z - [32minfo[39m: Starting codeJam API...
2016-01-25T22:39:55.420Z - [34mdebug[39m: Loading packages...
2016-01-25T22:39:55.588Z - [34mdebug[39m: Loading Libs
2016-01-25T22:39:55.606Z - [34mdebug[39m: Mapping REST APIs
2016-01-25T22:39:55.612Z - [32minfo[39m: server listening on http://0.0.0.0:3000
2016-01-25T22:39:55.612Z - [32minfo[39m: press CTRL+C to exit
2016-01-25T22:40:01.516Z - [31merror[39m: uncaughtException: Unexpected token i date=Mon Jan 25 2016 17:40:01 GMT-0500 (EST), pid=1147, uid=501, gid=20, cwd=/Users/smoon/Projects/codejam/api, execPath=/usr/local/Cellar/node/0.10.30/bin/node, version=v0.10.30, argv=[node, /Users/smoon/Projects/codejam/api/app.js], rss=29704192, heapTotal=18635008, heapUsed=11329976, loadavg=[1.74072265625, 1.45849609375, 1.38916015625], uptime=14173, trace=[column=null, file=null, function=Object.parse, line=null, method=parse, native=true, column=29, file=/Users/smoon/Projects/codejam/api/codeJam.js, function=null, line=21, method=null, native=false, column=14, file=fs.js, function=null, line=271, method=null, native=false, column=15, file=fs.js, function=Object.oncomplete, line=107, method=oncomplete, native=false], stack=[SyntaxError: Unexpected token i,     at Object.parse (native),     at /Users/smoon/Projects/codejam/api/codeJam.js:21:29,     at fs.js:271:14,     at Object.oncomplete (fs.js:107:15)]
2016-01-25T22:40:39.408Z - [32minfo[39m: Starting codeJam API...
2016-01-25T22:40:39.410Z - [34mdebug[39m: Loading packages...
2016-01-25T22:40:39.575Z - [34mdebug[39m: Loading Libs
2016-01-25T22:40:39.591Z - [34mdebug[39m: Mapping REST APIs
2016-01-25T22:40:39.598Z - [32minfo[39m: server listening on http://0.0.0.0:3000
2016-01-25T22:40:39.598Z - [32minfo[39m: press CTRL+C to exit
2016-01-25T22:51:33.731Z - [32minfo[39m: Starting codeJam API...
2016-01-25T22:51:33.734Z - [34mdebug[39m: Loading packages...
2016-01-25T22:51:33.932Z - [34mdebug[39m: Loading Libs
2016-01-25T22:51:33.950Z - [34mdebug[39m: Mapping REST APIs
2016-01-25T22:51:33.956Z - [32minfo[39m: server listening on http://0.0.0.0:3000
2016-01-25T22:51:33.957Z - [32minfo[39m: press CTRL+C to exit
2016-01-25T22:51:36.374Z - [31merror[39m: uncaughtException: Unexpected token < date=Mon Jan 25 2016 17:51:36 GMT-0500 (EST), pid=1218, uid=501, gid=20, cwd=/Users/smoon/Projects/codejam/api, execPath=/usr/local/Cellar/node/0.10.30/bin/node, version=v0.10.30, argv=[node, /Users/smoon/Projects/codejam/api/app.js], rss=29716480, heapTotal=18635008, heapUsed=11352456, loadavg=[2.06884765625, 1.84912109375, 1.59814453125], uptime=14868, trace=[column=null, file=null, function=Object.parse, line=null, method=parse, native=true, column=29, file=/Users/smoon/Projects/codejam/api/codeJam.js, function=null, line=32, method=null, native=false, column=14, file=fs.js, function=null, line=271, method=null, native=false, column=15, file=fs.js, function=Object.oncomplete, line=107, method=oncomplete, native=false], stack=[SyntaxError: Unexpected token <,     at Object.parse (native),     at /Users/smoon/Projects/codejam/api/codeJam.js:32:29,     at fs.js:271:14,     at Object.oncomplete (fs.js:107:15)]
2016-01-25T22:53:15.321Z - [32minfo[39m: Starting codeJam API...
2016-01-25T22:53:15.322Z - [34mdebug[39m: Loading packages...
2016-01-25T22:53:15.510Z - [34mdebug[39m: Loading Libs
2016-01-25T22:53:15.526Z - [34mdebug[39m: Mapping REST APIs
2016-01-25T22:53:15.534Z - [32minfo[39m: server listening on http://0.0.0.0:3000
2016-01-25T22:53:15.534Z - [32minfo[39m: press CTRL+C to exit
2016-01-26T00:00:55.018Z - [31merror[39m: uncaughtException: Unexpected token o date=Mon Jan 25 2016 19:00:55 GMT-0500 (EST), pid=1220, uid=501, gid=20, cwd=/Users/smoon/Projects/codejam/api, execPath=/usr/local/Cellar/node/0.10.30/bin/node, version=v0.10.30, argv=[node, /Users/smoon/Projects/codejam/api/app.js], rss=29876224, heapTotal=18635008, heapUsed=11658072, loadavg=[1.78759765625, 1.70361328125, 1.78076171875], uptime=19027, trace=[column=null, file=null, function=Object.parse, line=null, method=parse, native=true, column=30, file=/Users/smoon/Projects/codejam/api/codeJam.js, function=null, line=124, method=null, native=false, column=6, file=/Users/smoon/Projects/codejam/api/codeJam.js, function=null, line=22, method=null, native=false, column=14, file=fs.js, function=null, line=271, method=null, native=false, column=15, file=fs.js, function=Object.oncomplete, line=107, method=oncomplete, native=false], stack=[SyntaxError: Unexpected token o,     at Object.parse (native),     at /Users/smoon/Projects/codejam/api/codeJam.js:124:30,     at /Users/smoon/Projects/codejam/api/codeJam.js:22:6,     at fs.js:271:14,     at Object.oncomplete (fs.js:107:15)]
2016-01-26T00:02:45.849Z - [32minfo[39m: Starting codeJam API...
2016-01-26T00:02:45.851Z - [34mdebug[39m: Loading packages...
2016-01-26T00:02:46.104Z - [34mdebug[39m: Loading Libs
2016-01-26T00:02:46.124Z - [34mdebug[39m: Mapping REST APIs
2016-01-26T00:02:46.132Z - [32minfo[39m: server listening on http://0.0.0.0:3000
2016-01-26T00:02:46.132Z - [32minfo[39m: press CTRL+C to exit
2016-01-26T00:12:49.389Z - [32minfo[39m: Starting codeJam API...
2016-01-26T00:12:49.390Z - [34mdebug[39m: Loading packages...
2016-01-26T00:12:49.609Z - [34mdebug[39m: Loading Libs
2016-01-26T00:12:49.625Z - [34mdebug[39m: Mapping REST APIs
2016-01-26T00:12:49.631Z - [32minfo[39m: server listening on http://0.0.0.0:3000
2016-01-26T00:12:49.631Z - [32minfo[39m: press CTRL+C to exit
2016-01-26T00:24:09.670Z - [32minfo[39m: Starting codeJam API...
2016-01-26T00:24:09.671Z - [34mdebug[39m: Loading packages...
2016-01-26T00:24:09.835Z - [34mdebug[39m: Loading Libs
2016-01-26T00:24:09.851Z - [34mdebug[39m: Mapping REST APIs
2016-01-26T00:24:09.859Z - [32minfo[39m: server listening on http://0.0.0.0:3000
2016-01-26T00:24:09.859Z - [32minfo[39m: press CTRL+C to exit
2016-01-26T00:25:16.967Z - [32minfo[39m: Starting codeJam API...
2016-01-26T00:25:16.968Z - [34mdebug[39m: Loading packages...
2016-01-26T00:25:17.142Z - [34mdebug[39m: Loading Libs
2016-01-26T00:25:17.159Z - [34mdebug[39m: Mapping REST APIs
2016-01-26T00:25:17.167Z - [32minfo[39m: server listening on http://0.0.0.0:3000
2016-01-26T00:25:17.167Z - [32minfo[39m: press CTRL+C to exit
2016-01-26T00:27:53.325Z - [32minfo[39m: Starting codeJam API...
2016-01-26T00:27:53.327Z - [34mdebug[39m: Loading packages...
2016-01-26T00:27:53.493Z - [34mdebug[39m: Loading Libs
2016-01-26T00:27:53.511Z - [34mdebug[39m: Mapping REST APIs
2016-01-26T00:27:53.518Z - [32minfo[39m: server listening on http://0.0.0.0:3000
2016-01-26T00:27:53.518Z - [32minfo[39m: press CTRL+C to exit
2016-01-26T00:28:59.420Z - [32minfo[39m: Starting codeJam API...
2016-01-26T00:28:59.421Z - [34mdebug[39m: Loading packages...
2016-01-26T00:28:59.602Z - [34mdebug[39m: Loading Libs
2016-01-26T00:28:59.623Z - [34mdebug[39m: Mapping REST APIs
2016-01-26T00:28:59.630Z - [32minfo[39m: server listening on http://0.0.0.0:3000
2016-01-26T00:28:59.630Z - [32minfo[39m: press CTRL+C to exit
2016-01-26T00:36:52.050Z - [32minfo[39m: Starting codeJam API...
2016-01-26T00:36:52.052Z - [34mdebug[39m: Loading packages...
2016-01-26T00:36:52.217Z - [34mdebug[39m: Loading Libs
2016-01-26T00:36:52.238Z - [34mdebug[39m: Mapping REST APIs
2016-01-26T00:36:52.245Z - [32minfo[39m: server listening on http://0.0.0.0:3000
2016-01-26T00:36:52.245Z - [32minfo[39m: press CTRL+C to exit
2016-01-26T00:47:38.469Z - [32minfo[39m: Starting codeJam API...
2016-01-26T00:47:38.471Z - [34mdebug[39m: Loading packages...
2016-01-26T00:47:38.640Z - [34mdebug[39m: Loading Libs
2016-01-26T00:47:38.658Z - [34mdebug[39m: Mapping REST APIs
2016-01-26T00:47:38.666Z - [32minfo[39m: server listening on http://0.0.0.0:3000
2016-01-26T00:47:38.666Z - [32minfo[39m: press CTRL+C to exit
2016-01-26T01:19:49.725Z - [32minfo[39m: Starting codeJam API...
2016-01-26T01:19:49.727Z - [34mdebug[39m: Loading packages...
2016-01-26T01:19:50.028Z - [34mdebug[39m: Loading Libs
2016-01-26T01:19:50.070Z - [34mdebug[39m: Mapping REST APIs
2016-01-26T01:19:50.078Z - [32minfo[39m: server listening on http://0.0.0.0:3000
2016-01-26T01:19:50.078Z - [32minfo[39m: press CTRL+C to exit
2016-01-26T01:38:18.629Z - [32minfo[39m: Starting codeJam API...
2016-01-26T01:38:18.632Z - [34mdebug[39m: Loading packages...
2016-01-26T01:38:18.890Z - [34mdebug[39m: Loading Libs
2016-01-26T01:38:18.915Z - [34mdebug[39m: Mapping REST APIs
2016-01-26T01:38:18.922Z - [32minfo[39m: server listening on http://0.0.0.0:3000
2016-01-26T01:38:18.923Z - [32minfo[39m: press CTRL+C to exit
2016-01-26T01:39:27.293Z - [32minfo[39m: Starting codeJam API...
2016-01-26T01:39:27.296Z - [34mdebug[39m: Loading packages...
2016-01-26T01:39:27.496Z - [34mdebug[39m: Loading Libs
2016-01-26T01:39:27.514Z - [34mdebug[39m: Mapping REST APIs
2016-01-26T01:39:27.521Z - [32minfo[39m: server listening on http://0.0.0.0:3000
2016-01-26T01:39:27.521Z - [32minfo[39m: press CTRL+C to exit
2016-01-26T01:39:50.174Z - [32minfo[39m: Starting codeJam API...
2016-01-26T01:39:50.176Z - [34mdebug[39m: Loading packages...
2016-01-26T01:39:50.356Z - [34mdebug[39m: Loading Libs
2016-01-26T01:39:50.378Z - [34mdebug[39m: Mapping REST APIs
2016-01-26T01:39:50.387Z - [32minfo[39m: server listening on http://0.0.0.0:3000
2016-01-26T01:39:50.387Z - [32minfo[39m: press CTRL+C to exit
2016-01-26T01:42:27.244Z - [32minfo[39m: Starting codeJam API...
2016-01-26T01:42:27.246Z - [34mdebug[39m: Loading packages...
2016-01-26T01:42:27.460Z - [34mdebug[39m: Loading Libs
2016-01-26T01:42:27.476Z - [34mdebug[39m: Mapping REST APIs
2016-01-26T01:42:27.482Z - [32minfo[39m: server listening on http://0.0.0.0:3000
2016-01-26T01:42:27.482Z - [32minfo[39m: press CTRL+C to exit
2016-01-26T03:57:23.944Z - [32minfo[39m: Starting codeJam API...
2016-01-26T03:57:23.946Z - [34mdebug[39m: Loading packages...
2016-01-26T03:57:24.188Z - [34mdebug[39m: Loading Libs
2016-01-26T03:57:24.213Z - [34mdebug[39m: Mapping REST APIs
2016-01-26T03:57:24.219Z - [32minfo[39m: server listening on http://0.0.0.0:3000
2016-01-26T03:57:24.220Z - [32minfo[39m: press CTRL+C to exit
2016-01-26T04:15:32.696Z - [32minfo[39m: Starting codeJam API...
2016-01-26T04:15:32.698Z - [34mdebug[39m: Loading packages...
2016-01-26T04:15:32.862Z - [34mdebug[39m: Loading Libs
2016-01-26T04:15:32.878Z - [34mdebug[39m: Mapping REST APIs
2016-01-26T04:15:32.886Z - [32minfo[39m: server listening on http://0.0.0.0:3000
2016-01-26T04:15:32.886Z - [32minfo[39m: press CTRL+C to exit
